<?xml version="1.0" encoding="UTF-8"?>
<testng-results skipped="0" failed="0" ignored="0" total="2" passed="2">
  <reporter-output>
    <line>
      <![CDATA[<a href = 'E:\E DRIVE\Chandan_Assignment_WIPRO\Assignment1_Chandan\Screenshots\Test_Success\verifyText_11_05_2020_12_00_23.png'> <img src = 'E:\E DRIVE\Chandan_Assignment_WIPRO\Assignment1_Chandan\Screenshots\Test_Success\verifyText_11_05_2020_12_00_23.png' height = '100' width = '100'/> </a>]]>
    </line>
    <line>
      <![CDATA[<a href = 'E:\E DRIVE\Chandan_Assignment_WIPRO\Assignment1_Chandan\Screenshots\Test_Success\dragAndDropAction_11_05_2020_12_00_24.png'> <img src = 'E:\E DRIVE\Chandan_Assignment_WIPRO\Assignment1_Chandan\Screenshots\Test_Success\dragAndDropAction_11_05_2020_12_00_24.png' height = '100' width = '100'/> </a>]]>
    </line>
  </reporter-output>
  <suite name="Default suite" duration-ms="42231" started-at="2020-05-10T18:29:44Z" finished-at="2020-05-10T18:30:26Z">
    <groups>
    </groups>
    <test name="Default test" duration-ms="42231" started-at="2020-05-10T18:29:44Z" finished-at="2020-05-10T18:30:26Z">
      <class name="com.Test.Assignment1.Test_DragAndDropTarget">
        <test-method status="PASS" signature="setUp()[pri:0, instance:com.Test.Assignment1.Test_DragAndDropTarget@4dfa3a9d]" name="setUp" is-config="true" duration-ms="37868" started-at="2020-05-10T18:29:44Z" finished-at="2020-05-10T18:30:21Z">
          <reporter-output>
          </reporter-output>
        </test-method> <!-- setUp -->
        <test-method status="PASS" signature="verifyText()[pri:1, instance:com.Test.Assignment1.Test_DragAndDropTarget@4dfa3a9d]" name="verifyText" duration-ms="1640" started-at="2020-05-10T18:30:21Z" description="This test case will verify the text before dragging." finished-at="2020-05-10T18:30:23Z">
          <reporter-output>
            <line>
              <![CDATA[<a href = 'E:\E DRIVE\Chandan_Assignment_WIPRO\Assignment1_Chandan\Screenshots\Test_Success\verifyText_11_05_2020_12_00_23.png'> <img src = 'E:\E DRIVE\Chandan_Assignment_WIPRO\Assignment1_Chandan\Screenshots\Test_Success\verifyText_11_05_2020_12_00_23.png' height = '100' width = '100'/> </a>]]>
            </line>
          </reporter-output>
        </test-method> <!-- verifyText -->
        <test-method status="PASS" signature="dragAndDropAction()[pri:2, instance:com.Test.Assignment1.Test_DragAndDropTarget@4dfa3a9d]" name="dragAndDropAction" duration-ms="535" started-at="2020-05-10T18:30:24Z" description="This test case will open the Google link in new TAB" depends-on-methods="com.Test.Assignment1.Test_DragAndDropTarget.verifyText" finished-at="2020-05-10T18:30:24Z">
          <reporter-output>
            <line>
              <![CDATA[<a href = 'E:\E DRIVE\Chandan_Assignment_WIPRO\Assignment1_Chandan\Screenshots\Test_Success\dragAndDropAction_11_05_2020_12_00_24.png'> <img src = 'E:\E DRIVE\Chandan_Assignment_WIPRO\Assignment1_Chandan\Screenshots\Test_Success\dragAndDropAction_11_05_2020_12_00_24.png' height = '100' width = '100'/> </a>]]>
            </line>
          </reporter-output>
        </test-method> <!-- dragAndDropAction -->
        <test-method status="PASS" signature="tearDown()[pri:0, instance:com.Test.Assignment1.Test_DragAndDropTarget@4dfa3a9d]" name="tearDown" is-config="true" duration-ms="951" started-at="2020-05-10T18:30:25Z" finished-at="2020-05-10T18:30:26Z">
          <reporter-output>
          </reporter-output>
        </test-method> <!-- tearDown -->
      </class> <!-- com.Test.Assignment1.Test_DragAndDropTarget -->
    </test> <!-- Default test -->
  </suite> <!-- Default suite -->
</testng-results>
